{"D:\\Mintic2021\\Ciclo 4\\Desarrollo WEB\\PRODEVS\\MinTic-C4-ProDevs\\back\\src\\database\\config.js": {"path":"D:\\Mintic2021\\Ciclo 4\\Desarrollo WEB\\PRODEVS\\MinTic-C4-ProDevs\\back\\src\\database\\config.js","statementMap":{"0":{"start":{"line":5,"column":28},"end":{"line":20,"column":1}},"1":{"start":{"line":7,"column":55},"end":{"line":7,"column":66}},"2":{"start":{"line":9,"column":29},"end":{"line":9,"column":80}},"3":{"start":{"line":11,"column":4},"end":{"line":11,"column":57}},"4":{"start":{"line":13,"column":4},"end":{"line":19,"column":5}},"5":{"start":{"line":14,"column":8},"end":{"line":14,"column":75}},"6":{"start":{"line":15,"column":8},"end":{"line":15,"column":33}},"7":{"start":{"line":18,"column":8},"end":{"line":18,"column":27}}},"fnMap":{"0":{"name":"(anonymous_0)","decl":{"start":{"line":5,"column":28},"end":{"line":5,"column":29}},"loc":{"start":{"line":5,"column":40},"end":{"line":20,"column":1}},"line":5}},"branchMap":{"0":{"loc":{"start":{"line":9,"column":29},"end":{"line":9,"column":80}},"type":"cond-expr","locations":[{"start":{"line":9,"column":51},"end":{"line":9,"column":64}},{"start":{"line":9,"column":67},"end":{"line":9,"column":80}}],"line":9}},"s":{"0":1,"1":1,"2":1,"3":1,"4":1,"5":1,"6":0,"7":1},"f":{"0":1},"b":{"0":[1,0]},"_coverageSchema":"1a1c01bbd47fc00a2c39e90264f33305004495a9","hash":"0332d4b83cf64d043dea32f46bdcc6dcf5b4f982"}
,"D:\\Mintic2021\\Ciclo 4\\Desarrollo WEB\\PRODEVS\\MinTic-C4-ProDevs\\back\\src\\graphql\\resolvers.js": {"path":"D:\\Mintic2021\\Ciclo 4\\Desarrollo WEB\\PRODEVS\\MinTic-C4-ProDevs\\back\\src\\graphql\\resolvers.js","statementMap":{"0":{"start":{"line":8,"column":25},"end":{"line":192,"column":1}},"1":{"start":{"line":11,"column":28},"end":{"line":14,"column":14}},"2":{"start":{"line":15,"column":12},"end":{"line":15,"column":32}},"3":{"start":{"line":16,"column":12},"end":{"line":18,"column":13}},"4":{"start":{"line":17,"column":16},"end":{"line":17,"column":57}},"5":{"start":{"line":19,"column":36},"end":{"line":19,"column":81}},"6":{"start":{"line":20,"column":12},"end":{"line":28,"column":13}},"7":{"start":{"line":21,"column":30},"end":{"line":21,"column":72}},"8":{"start":{"line":22,"column":16},"end":{"line":22,"column":44}},"9":{"start":{"line":23,"column":16},"end":{"line":23,"column":29}},"10":{"start":{"line":26,"column":16},"end":{"line":26,"column":62}},"11":{"start":{"line":33,"column":12},"end":{"line":33,"column":35}},"12":{"start":{"line":38,"column":12},"end":{"line":38,"column":47}},"13":{"start":{"line":51,"column":8},"end":{"line":51,"column":50}},"14":{"start":{"line":55,"column":12},"end":{"line":55,"column":67}},"15":{"start":{"line":85,"column":12},"end":{"line":85,"column":81}},"16":{"start":{"line":98,"column":12},"end":{"line":98,"column":55}},"17":{"start":{"line":116,"column":25},"end":{"line":116,"column":44}},"18":{"start":{"line":117,"column":28},"end":{"line":117,"column":46}},"19":{"start":{"line":118,"column":12},"end":{"line":118,"column":69}},"20":{"start":{"line":119,"column":12},"end":{"line":119,"column":42}},"21":{"start":{"line":122,"column":12},"end":{"line":130,"column":31}},"22":{"start":{"line":133,"column":12},"end":{"line":137,"column":31}},"23":{"start":{"line":140,"column":12},"end":{"line":140,"column":60}},"24":{"start":{"line":145,"column":31},"end":{"line":145,"column":53}},"25":{"start":{"line":146,"column":12},"end":{"line":146,"column":43}},"26":{"start":{"line":149,"column":12},"end":{"line":158,"column":31}},"27":{"start":{"line":162,"column":12},"end":{"line":162,"column":61}},"28":{"start":{"line":170,"column":35},"end":{"line":170,"column":65}},"29":{"start":{"line":171,"column":12},"end":{"line":171,"column":47}},"30":{"start":{"line":175,"column":12},"end":{"line":179,"column":31}},"31":{"start":{"line":183,"column":12},"end":{"line":183,"column":65}},"32":{"start":{"line":188,"column":29},"end":{"line":188,"column":50}},"33":{"start":{"line":189,"column":12},"end":{"line":189,"column":41}}},"fnMap":{"0":{"name":"(anonymous_0)","decl":{"start":{"line":10,"column":8},"end":{"line":10,"column":9}},"loc":{"start":{"line":10,"column":44},"end":{"line":29,"column":9}},"line":10},"1":{"name":"(anonymous_1)","decl":{"start":{"line":31,"column":8},"end":{"line":31,"column":9}},"loc":{"start":{"line":31,"column":19},"end":{"line":35,"column":13}},"line":31},"2":{"name":"(anonymous_2)","decl":{"start":{"line":37,"column":8},"end":{"line":37,"column":9}},"loc":{"start":{"line":37,"column":33},"end":{"line":39,"column":9}},"line":37},"3":{"name":"(anonymous_3)","decl":{"start":{"line":50,"column":8},"end":{"line":50,"column":9}},"loc":{"start":{"line":50,"column":20},"end":{"line":52,"column":9}},"line":50},"4":{"name":"(anonymous_4)","decl":{"start":{"line":54,"column":8},"end":{"line":54,"column":9}},"loc":{"start":{"line":54,"column":36},"end":{"line":56,"column":9}},"line":54},"5":{"name":"(anonymous_5)","decl":{"start":{"line":84,"column":8},"end":{"line":84,"column":9}},"loc":{"start":{"line":84,"column":24},"end":{"line":86,"column":13}},"line":84},"6":{"name":"(anonymous_6)","decl":{"start":{"line":97,"column":8},"end":{"line":97,"column":9}},"loc":{"start":{"line":97,"column":18},"end":{"line":99,"column":13}},"line":97},"7":{"name":"(anonymous_7)","decl":{"start":{"line":115,"column":8},"end":{"line":115,"column":9}},"loc":{"start":{"line":115,"column":35},"end":{"line":120,"column":9}},"line":115},"8":{"name":"(anonymous_8)","decl":{"start":{"line":121,"column":8},"end":{"line":121,"column":9}},"loc":{"start":{"line":121,"column":45},"end":{"line":131,"column":9}},"line":121},"9":{"name":"(anonymous_9)","decl":{"start":{"line":132,"column":8},"end":{"line":132,"column":9}},"loc":{"start":{"line":132,"column":43},"end":{"line":138,"column":9}},"line":132},"10":{"name":"(anonymous_10)","decl":{"start":{"line":139,"column":8},"end":{"line":139,"column":9}},"loc":{"start":{"line":139,"column":34},"end":{"line":141,"column":9}},"line":139},"11":{"name":"(anonymous_11)","decl":{"start":{"line":144,"column":8},"end":{"line":144,"column":9}},"loc":{"start":{"line":144,"column":41},"end":{"line":147,"column":9}},"line":144},"12":{"name":"(anonymous_12)","decl":{"start":{"line":148,"column":8},"end":{"line":148,"column":9}},"loc":{"start":{"line":148,"column":44},"end":{"line":159,"column":9}},"line":148},"13":{"name":"(anonymous_13)","decl":{"start":{"line":161,"column":8},"end":{"line":161,"column":9}},"loc":{"start":{"line":161,"column":37},"end":{"line":163,"column":9}},"line":161},"14":{"name":"(anonymous_14)","decl":{"start":{"line":169,"column":8},"end":{"line":169,"column":9}},"loc":{"start":{"line":169,"column":49},"end":{"line":172,"column":9}},"line":169},"15":{"name":"(anonymous_15)","decl":{"start":{"line":174,"column":8},"end":{"line":174,"column":9}},"loc":{"start":{"line":174,"column":58},"end":{"line":180,"column":9}},"line":174},"16":{"name":"(anonymous_16)","decl":{"start":{"line":182,"column":8},"end":{"line":182,"column":9}},"loc":{"start":{"line":182,"column":41},"end":{"line":184,"column":9}},"line":182},"17":{"name":"(anonymous_17)","decl":{"start":{"line":187,"column":8},"end":{"line":187,"column":9}},"loc":{"start":{"line":187,"column":43},"end":{"line":190,"column":9}},"line":187}},"branchMap":{"0":{"loc":{"start":{"line":16,"column":12},"end":{"line":18,"column":13}},"type":"if","locations":[{"start":{"line":16,"column":12},"end":{"line":18,"column":13}},{"start":{},"end":{}}],"line":16},"1":{"loc":{"start":{"line":20,"column":12},"end":{"line":28,"column":13}},"type":"if","locations":[{"start":{"line":20,"column":12},"end":{"line":28,"column":13}},{"start":{"line":25,"column":17},"end":{"line":28,"column":13}}],"line":20}},"s":{"0":1,"1":0,"2":0,"3":0,"4":0,"5":0,"6":0,"7":0,"8":0,"9":0,"10":0,"11":0,"12":0,"13":0,"14":0,"15":0,"16":0,"17":0,"18":0,"19":0,"20":0,"21":0,"22":0,"23":0,"24":0,"25":0,"26":0,"27":0,"28":0,"29":0,"30":0,"31":0,"32":0,"33":0},"f":{"0":0,"1":0,"2":0,"3":0,"4":0,"5":0,"6":0,"7":0,"8":0,"9":0,"10":0,"11":0,"12":0,"13":0,"14":0,"15":0,"16":0,"17":0},"b":{"0":[0,0],"1":[0,0]},"_coverageSchema":"1a1c01bbd47fc00a2c39e90264f33305004495a9","hash":"6561f7b59f8e0c40bb663d14b573d31288fc56fc"}
,"D:\\Mintic2021\\Ciclo 4\\Desarrollo WEB\\PRODEVS\\MinTic-C4-ProDevs\\back\\src\\graphql\\schema.js": {"path":"D:\\Mintic2021\\Ciclo 4\\Desarrollo WEB\\PRODEVS\\MinTic-C4-ProDevs\\back\\src\\graphql\\schema.js","statementMap":{"0":{"start":{"line":4,"column":24},"end":{"line":122,"column":1}}},"fnMap":{},"branchMap":{},"s":{"0":1},"f":{},"b":{},"_coverageSchema":"1a1c01bbd47fc00a2c39e90264f33305004495a9","hash":"c63d02aa6e5c486b3d305435dbe79761c6fd442c"}
,"D:\\Mintic2021\\Ciclo 4\\Desarrollo WEB\\PRODEVS\\MinTic-C4-ProDevs\\back\\src\\helpers\\jwt.js": {"path":"D:\\Mintic2021\\Ciclo 4\\Desarrollo WEB\\PRODEVS\\MinTic-C4-ProDevs\\back\\src\\helpers\\jwt.js","statementMap":{"0":{"start":{"line":3,"column":15},"end":{"line":3,"column":26}},"1":{"start":{"line":4,"column":26},"end":{"line":22,"column":1}},"2":{"start":{"line":5,"column":4},"end":{"line":21,"column":6}},"3":{"start":{"line":6,"column":24},"end":{"line":9,"column":9}},"4":{"start":{"line":11,"column":8},"end":{"line":20,"column":9}},"5":{"start":{"line":13,"column":16},"end":{"line":16,"column":17}},"6":{"start":{"line":14,"column":20},"end":{"line":14,"column":36}},"7":{"start":{"line":15,"column":20},"end":{"line":15,"column":57}},"8":{"start":{"line":18,"column":16},"end":{"line":18,"column":30}}},"fnMap":{"0":{"name":"(anonymous_0)","decl":{"start":{"line":4,"column":26},"end":{"line":4,"column":27}},"loc":{"start":{"line":4,"column":41},"end":{"line":22,"column":1}},"line":4},"1":{"name":"(anonymous_1)","decl":{"start":{"line":5,"column":23},"end":{"line":5,"column":24}},"loc":{"start":{"line":5,"column":44},"end":{"line":21,"column":5}},"line":5},"2":{"name":"(anonymous_2)","decl":{"start":{"line":12,"column":12},"end":{"line":12,"column":13}},"loc":{"start":{"line":12,"column":28},"end":{"line":19,"column":13}},"line":12}},"branchMap":{"0":{"loc":{"start":{"line":13,"column":16},"end":{"line":16,"column":17}},"type":"if","locations":[{"start":{"line":13,"column":16},"end":{"line":16,"column":17}},{"start":{},"end":{}}],"line":13}},"s":{"0":1,"1":1,"2":0,"3":0,"4":0,"5":0,"6":0,"7":0,"8":0},"f":{"0":0,"1":0,"2":0},"b":{"0":[0,0]},"_coverageSchema":"1a1c01bbd47fc00a2c39e90264f33305004495a9","hash":"fdd060dcc21ccfb1472f0706ab19f74bf7ac6934"}
,"D:\\Mintic2021\\Ciclo 4\\Desarrollo WEB\\PRODEVS\\MinTic-C4-ProDevs\\back\\src\\models\\Avances.js": {"path":"D:\\Mintic2021\\Ciclo 4\\Desarrollo WEB\\PRODEVS\\MinTic-C4-ProDevs\\back\\src\\models\\Avances.js","statementMap":{"0":{"start":{"line":1,"column":26},"end":{"line":1,"column":45}},"1":{"start":{"line":3,"column":22},"end":{"line":32,"column":3}}},"fnMap":{},"branchMap":{},"s":{"0":1,"1":1},"f":{},"b":{},"_coverageSchema":"1a1c01bbd47fc00a2c39e90264f33305004495a9","hash":"928796b5fd00a1c82df84b17a63b601af4efe603"}
,"D:\\Mintic2021\\Ciclo 4\\Desarrollo WEB\\PRODEVS\\MinTic-C4-ProDevs\\back\\src\\models\\Inscripciones.js": {"path":"D:\\Mintic2021\\Ciclo 4\\Desarrollo WEB\\PRODEVS\\MinTic-C4-ProDevs\\back\\src\\models\\Inscripciones.js","statementMap":{"0":{"start":{"line":1,"column":26},"end":{"line":1,"column":45}},"1":{"start":{"line":3,"column":26},"end":{"line":33,"column":3}},"2":{"start":{"line":35,"column":0},"end":{"line":35,"column":71}}},"fnMap":{},"branchMap":{},"s":{"0":1,"1":1,"2":1},"f":{},"b":{},"_coverageSchema":"1a1c01bbd47fc00a2c39e90264f33305004495a9","hash":"ce8dd5aff222afc62c697fefb6bfcd027037fe59"}
,"D:\\Mintic2021\\Ciclo 4\\Desarrollo WEB\\PRODEVS\\MinTic-C4-ProDevs\\back\\src\\models\\Proyectos.js": {"path":"D:\\Mintic2021\\Ciclo 4\\Desarrollo WEB\\PRODEVS\\MinTic-C4-ProDevs\\back\\src\\models\\Proyectos.js","statementMap":{"0":{"start":{"line":1,"column":26},"end":{"line":1,"column":45}},"1":{"start":{"line":4,"column":23},"end":{"line":67,"column":2}}},"fnMap":{},"branchMap":{},"s":{"0":1,"1":1},"f":{},"b":{},"_coverageSchema":"1a1c01bbd47fc00a2c39e90264f33305004495a9","hash":"053c3aa2dd09217165cbd463d63d66afad72d219"}
,"D:\\Mintic2021\\Ciclo 4\\Desarrollo WEB\\PRODEVS\\MinTic-C4-ProDevs\\back\\src\\models\\Usuarios.js": {"path":"D:\\Mintic2021\\Ciclo 4\\Desarrollo WEB\\PRODEVS\\MinTic-C4-ProDevs\\back\\src\\models\\Usuarios.js","statementMap":{"0":{"start":{"line":1,"column":26},"end":{"line":1,"column":45}},"1":{"start":{"line":3,"column":22},"end":{"line":40,"column":3}}},"fnMap":{},"branchMap":{},"s":{"0":1,"1":1},"f":{},"b":{},"_coverageSchema":"1a1c01bbd47fc00a2c39e90264f33305004495a9","hash":"bc22e84e5ae581ddf57db68e90b8c6a9dfd381a9"}
}
